[1.116s] DEBUG:colcon:Command line arguments: ['/usr/bin/colcon', 'build']
[1.116s] DEBUG:colcon:Parsed command line arguments: Namespace(allow_overriding=[], ament_cmake_args=None, base_paths=['.'], build_base='build', catkin_cmake_args=None, catkin_skip_building_tests=False, cmake_args=None, cmake_clean_cache=False, cmake_clean_first=False, cmake_force_configure=False, cmake_target=None, cmake_target_skip_unavailable=False, continue_on_error=False, event_handlers=None, executor='parallel', ignore_user_meta=False, install_base='install', log_base=None, log_level=None, main=<bound method BuildVerb.main of <colcon_core.verb.build.BuildVerb object at 0x7f06e822dca0>>, merge_install=False, metas=['./colcon.meta'], packages_above=None, packages_above_and_dependencies=None, packages_above_depth=None, packages_end=None, packages_ignore=None, packages_ignore_regex=None, packages_select=None, packages_select_build_failed=False, packages_select_by_dep=None, packages_select_regex=None, packages_select_test_failures=False, packages_skip=None, packages_skip_build_finished=False, packages_skip_by_dep=None, packages_skip_regex=None, packages_skip_test_passed=False, packages_skip_up_to=None, packages_start=None, packages_up_to=None, packages_up_to_regex=None, parallel_workers=12, paths=None, symlink_install=False, test_result_base=None, verb_extension=<colcon_core.verb.build.BuildVerb object at 0x7f06e822dca0>, verb_name='build', verb_parser=<colcon_defaults.argument_parser.defaults.DefaultArgumentsDecorator object at 0x7f06e8237250>)
[1.334s] Level 1:colcon.colcon_core.package_discovery:discover_packages(colcon_meta) check parameters
[1.334s] Level 1:colcon.colcon_core.package_discovery:discover_packages(recursive) check parameters
[1.335s] Level 1:colcon.colcon_core.package_discovery:discover_packages(ignore) check parameters
[1.335s] Level 1:colcon.colcon_core.package_discovery:discover_packages(path) check parameters
[1.335s] Level 1:colcon.colcon_core.package_discovery:discover_packages(colcon_meta) discover
[1.335s] Level 1:colcon.colcon_core.package_discovery:discover_packages(recursive) discover
[1.335s] INFO:colcon.colcon_core.package_discovery:Crawling recursively for packages in '/home/thy/aifarm_ws'
[1.336s] Level 1:colcon.colcon_core.package_identification:_identify(.) by extensions ['ignore', 'ignore_ament_install']
[1.336s] Level 1:colcon.colcon_core.package_identification:_identify(.) by extension 'ignore'
[1.336s] Level 1:colcon.colcon_core.package_identification:_identify(.) by extension 'ignore_ament_install'
[1.337s] Level 1:colcon.colcon_core.package_identification:_identify(.) by extensions ['colcon_pkg']
[1.337s] Level 1:colcon.colcon_core.package_identification:_identify(.) by extension 'colcon_pkg'
[1.337s] Level 1:colcon.colcon_core.package_identification:_identify(.) by extensions ['colcon_meta']
[1.337s] Level 1:colcon.colcon_core.package_identification:_identify(.) by extension 'colcon_meta'
[1.337s] Level 1:colcon.colcon_core.package_identification:_identify(.) by extensions ['ros']
[1.337s] Level 1:colcon.colcon_core.package_identification:_identify(.) by extension 'ros'
[1.404s] Level 1:colcon.colcon_core.package_identification:_identify(.) by extensions ['cmake', 'python']
[1.404s] Level 1:colcon.colcon_core.package_identification:_identify(.) by extension 'cmake'
[1.404s] Level 1:colcon.colcon_core.package_identification:_identify(.) by extension 'python'
[1.404s] Level 1:colcon.colcon_core.package_identification:_identify(.) by extensions ['python_setup_py']
[1.405s] Level 1:colcon.colcon_core.package_identification:_identify(.) by extension 'python_setup_py'
[1.405s] Level 1:colcon.colcon_core.package_identification:_identify(build) by extensions ['ignore', 'ignore_ament_install']
[1.405s] Level 1:colcon.colcon_core.package_identification:_identify(build) by extension 'ignore'
[1.405s] Level 1:colcon.colcon_core.package_identification:_identify(build) ignored
[1.405s] Level 1:colcon.colcon_core.package_identification:_identify(install) by extensions ['ignore', 'ignore_ament_install']
[1.405s] Level 1:colcon.colcon_core.package_identification:_identify(install) by extension 'ignore'
[1.405s] Level 1:colcon.colcon_core.package_identification:_identify(install) ignored
[1.405s] Level 1:colcon.colcon_core.package_identification:_identify(log) by extensions ['ignore', 'ignore_ament_install']
[1.406s] Level 1:colcon.colcon_core.package_identification:_identify(log) by extension 'ignore'
[1.406s] Level 1:colcon.colcon_core.package_identification:_identify(log) ignored
[1.406s] Level 1:colcon.colcon_core.package_identification:_identify(src) by extensions ['ignore', 'ignore_ament_install']
[1.406s] Level 1:colcon.colcon_core.package_identification:_identify(src) by extension 'ignore'
[1.406s] Level 1:colcon.colcon_core.package_identification:_identify(src) by extension 'ignore_ament_install'
[1.406s] Level 1:colcon.colcon_core.package_identification:_identify(src) by extensions ['colcon_pkg']
[1.406s] Level 1:colcon.colcon_core.package_identification:_identify(src) by extension 'colcon_pkg'
[1.406s] Level 1:colcon.colcon_core.package_identification:_identify(src) by extensions ['colcon_meta']
[1.406s] Level 1:colcon.colcon_core.package_identification:_identify(src) by extension 'colcon_meta'
[1.406s] Level 1:colcon.colcon_core.package_identification:_identify(src) by extensions ['ros']
[1.406s] Level 1:colcon.colcon_core.package_identification:_identify(src) by extension 'ros'
[1.406s] Level 1:colcon.colcon_core.package_identification:_identify(src) by extensions ['cmake', 'python']
[1.407s] Level 1:colcon.colcon_core.package_identification:_identify(src) by extension 'cmake'
[1.407s] Level 1:colcon.colcon_core.package_identification:_identify(src) by extension 'python'
[1.407s] Level 1:colcon.colcon_core.package_identification:_identify(src) by extensions ['python_setup_py']
[1.407s] Level 1:colcon.colcon_core.package_identification:_identify(src) by extension 'python_setup_py'
[1.407s] Level 1:colcon.colcon_core.package_identification:_identify(src/trailobot_description) by extensions ['ignore', 'ignore_ament_install']
[1.407s] Level 1:colcon.colcon_core.package_identification:_identify(src/trailobot_description) by extension 'ignore'
[1.407s] Level 1:colcon.colcon_core.package_identification:_identify(src/trailobot_description) by extension 'ignore_ament_install'
[1.407s] Level 1:colcon.colcon_core.package_identification:_identify(src/trailobot_description) by extensions ['colcon_pkg']
[1.407s] Level 1:colcon.colcon_core.package_identification:_identify(src/trailobot_description) by extension 'colcon_pkg'
[1.407s] Level 1:colcon.colcon_core.package_identification:_identify(src/trailobot_description) by extensions ['colcon_meta']
[1.407s] Level 1:colcon.colcon_core.package_identification:_identify(src/trailobot_description) by extension 'colcon_meta'
[1.407s] Level 1:colcon.colcon_core.package_identification:_identify(src/trailobot_description) by extensions ['ros']
[1.407s] Level 1:colcon.colcon_core.package_identification:_identify(src/trailobot_description) by extension 'ros'
[1.433s] DEBUG:colcon.colcon_core.package_identification:Package 'src/trailobot_description' with type 'ros.ament_python' and name 'trailobot_description'
[1.434s] Level 1:colcon.colcon_core.package_discovery:discover_packages(recursive) using defaults
[1.434s] Level 1:colcon.colcon_core.package_discovery:discover_packages(ignore) discover
[1.434s] Level 1:colcon.colcon_core.package_discovery:discover_packages(ignore) using defaults
[1.434s] Level 1:colcon.colcon_core.package_discovery:discover_packages(path) discover
[1.434s] Level 1:colcon.colcon_core.package_discovery:discover_packages(path) using defaults
[1.542s] Level 1:colcon.colcon_core.package_discovery:discover_packages(prefix_path) check parameters
[1.542s] Level 1:colcon.colcon_core.package_discovery:discover_packages(prefix_path) discover
[1.546s] DEBUG:colcon.colcon_installed_package_information.package_discovery:Found 1 installed packages in /home/thy/aifarm_ws/install
[1.548s] DEBUG:colcon.colcon_installed_package_information.package_discovery:Found 332 installed packages in /opt/ros/foxy
[1.550s] Level 1:colcon.colcon_core.package_discovery:discover_packages(prefix_path) using defaults
[4.374s] Level 5:colcon.colcon_core.verb:set package 'trailobot_description' build argument 'cmake_args' from command line to 'None'
[4.374s] Level 5:colcon.colcon_core.verb:set package 'trailobot_description' build argument 'cmake_target' from command line to 'None'
[4.374s] Level 5:colcon.colcon_core.verb:set package 'trailobot_description' build argument 'cmake_target_skip_unavailable' from command line to 'False'
[4.374s] Level 5:colcon.colcon_core.verb:set package 'trailobot_description' build argument 'cmake_clean_cache' from command line to 'False'
[4.374s] Level 5:colcon.colcon_core.verb:set package 'trailobot_description' build argument 'cmake_clean_first' from command line to 'False'
[4.374s] Level 5:colcon.colcon_core.verb:set package 'trailobot_description' build argument 'cmake_force_configure' from command line to 'False'
[4.375s] Level 5:colcon.colcon_core.verb:set package 'trailobot_description' build argument 'ament_cmake_args' from command line to 'None'
[4.375s] Level 5:colcon.colcon_core.verb:set package 'trailobot_description' build argument 'catkin_cmake_args' from command line to 'None'
[4.375s] Level 5:colcon.colcon_core.verb:set package 'trailobot_description' build argument 'catkin_skip_building_tests' from command line to 'False'
[4.375s] DEBUG:colcon.colcon_core.verb:Building package 'trailobot_description' with the following arguments: {'ament_cmake_args': None, 'build_base': '/home/thy/aifarm_ws/build/trailobot_description', 'catkin_cmake_args': None, 'catkin_skip_building_tests': False, 'cmake_args': None, 'cmake_clean_cache': False, 'cmake_clean_first': False, 'cmake_force_configure': False, 'cmake_target': None, 'cmake_target_skip_unavailable': False, 'install_base': '/home/thy/aifarm_ws/install/trailobot_description', 'merge_install': False, 'path': '/home/thy/aifarm_ws/src/trailobot_description', 'symlink_install': False, 'test_result_base': None}
[4.378s] INFO:colcon.colcon_core.executor:Executing jobs using 'parallel' executor
[4.388s] DEBUG:colcon.colcon_parallel_executor.executor.parallel:run_until_complete
[4.388s] INFO:colcon.colcon_ros.task.ament_python.build:Building ROS package in '/home/thy/aifarm_ws/src/trailobot_description' with build type 'ament_python'
[4.388s] Level 1:colcon.colcon_core.shell:create_environment_hook('trailobot_description', 'ament_prefix_path')
[4.454s] INFO:colcon.colcon_core.plugin_system:Skipping extension 'colcon_core.shell.bat': Not used on non-Windows systems
[4.454s] INFO:colcon.colcon_core.shell:Creating environment hook '/home/thy/aifarm_ws/install/trailobot_description/share/trailobot_description/hook/ament_prefix_path.ps1'
[4.469s] INFO:colcon.colcon_core.shell:Creating environment descriptor '/home/thy/aifarm_ws/install/trailobot_description/share/trailobot_description/hook/ament_prefix_path.dsv'
[4.477s] INFO:colcon.colcon_core.shell:Creating environment hook '/home/thy/aifarm_ws/install/trailobot_description/share/trailobot_description/hook/ament_prefix_path.sh'
[4.485s] INFO:colcon.colcon_core.shell:Skip shell extension 'powershell' for command environment: Not usable outside of PowerShell
[4.485s] DEBUG:colcon.colcon_core.shell:Skip shell extension 'dsv' for command environment
[4.778s] INFO:colcon.colcon_core.task.python.build:Building Python package in '/home/thy/aifarm_ws/src/trailobot_description'
[4.780s] INFO:colcon.colcon_core.shell:Skip shell extension 'powershell' for command environment: Not usable outside of PowerShell
[4.780s] DEBUG:colcon.colcon_core.shell:Skip shell extension 'dsv' for command environment
[6.220s] DEBUG:colcon.colcon_core.event_handler.log_command:Invoking command in '/home/thy/aifarm_ws/build/trailobot_description': PYTHONPATH=/home/thy/aifarm_ws/build/trailobot_description/prefix_override:/home/thy/aifarm_ws/install/trailobot_description/lib/python3.8/site-packages:${PYTHONPATH} /usr/bin/python3 setup.py develop --uninstall --editable --build-directory /home/thy/aifarm_ws/build/trailobot_description/build
[6.606s] DEBUG:colcon.colcon_core.event_handler.log_command:Invoked command in '/home/thy/aifarm_ws/build/trailobot_description' returned '0': PYTHONPATH=/home/thy/aifarm_ws/build/trailobot_description/prefix_override:/home/thy/aifarm_ws/install/trailobot_description/lib/python3.8/site-packages:${PYTHONPATH} /usr/bin/python3 setup.py develop --uninstall --editable --build-directory /home/thy/aifarm_ws/build/trailobot_description/build
[6.610s] DEBUG:colcon.colcon_core.event_handler.log_command:Invoking command in '/home/thy/aifarm_ws/src/trailobot_description': PYTHONPATH=/home/thy/aifarm_ws/build/trailobot_description/prefix_override:/home/thy/aifarm_ws/install/trailobot_description/lib/python3.8/site-packages:${PYTHONPATH} /usr/bin/python3 setup.py egg_info --egg-base ../../build/trailobot_description build --build-base /home/thy/aifarm_ws/build/trailobot_description/build install --record /home/thy/aifarm_ws/build/trailobot_description/install.log --install-scripts $base/lib/trailobot_description --single-version-externally-managed
[6.960s] DEBUG:colcon.colcon_core.event_handler.log_command:Invoked command in '/home/thy/aifarm_ws/src/trailobot_description' returned '0': PYTHONPATH=/home/thy/aifarm_ws/build/trailobot_description/prefix_override:/home/thy/aifarm_ws/install/trailobot_description/lib/python3.8/site-packages:${PYTHONPATH} /usr/bin/python3 setup.py egg_info --egg-base ../../build/trailobot_description build --build-base /home/thy/aifarm_ws/build/trailobot_description/build install --record /home/thy/aifarm_ws/build/trailobot_description/install.log --install-scripts $base/lib/trailobot_description --single-version-externally-managed
[7.041s] Level 1:colcon.colcon_core.environment:checking '/home/thy/aifarm_ws/install/trailobot_description' for CMake module files
[7.043s] Level 1:colcon.colcon_core.environment:checking '/home/thy/aifarm_ws/install/trailobot_description' for CMake config files
[7.046s] Level 1:colcon.colcon_core.environment:checking '/home/thy/aifarm_ws/install/trailobot_description/lib'
[7.047s] Level 1:colcon.colcon_core.environment:checking '/home/thy/aifarm_ws/install/trailobot_description/bin'
[7.047s] Level 1:colcon.colcon_core.environment:checking '/home/thy/aifarm_ws/install/trailobot_description/lib/pkgconfig/trailobot_description.pc'
[7.048s] Level 1:colcon.colcon_core.environment:checking '/home/thy/aifarm_ws/install/trailobot_description/lib/python3.8/site-packages'
[7.048s] Level 1:colcon.colcon_core.shell:create_environment_hook('trailobot_description', 'pythonpath')
[7.054s] INFO:colcon.colcon_core.shell:Creating environment hook '/home/thy/aifarm_ws/install/trailobot_description/share/trailobot_description/hook/pythonpath.ps1'
[7.056s] INFO:colcon.colcon_core.shell:Creating environment descriptor '/home/thy/aifarm_ws/install/trailobot_description/share/trailobot_description/hook/pythonpath.dsv'
[7.057s] INFO:colcon.colcon_core.shell:Creating environment hook '/home/thy/aifarm_ws/install/trailobot_description/share/trailobot_description/hook/pythonpath.sh'
[7.059s] Level 1:colcon.colcon_core.environment:checking '/home/thy/aifarm_ws/install/trailobot_description/bin'
[7.059s] Level 1:colcon.colcon_core.environment:create_environment_scripts_only(trailobot_description)
[7.064s] INFO:colcon.colcon_core.shell:Creating package script '/home/thy/aifarm_ws/install/trailobot_description/share/trailobot_description/package.ps1'
[7.078s] INFO:colcon.colcon_core.shell:Creating package descriptor '/home/thy/aifarm_ws/install/trailobot_description/share/trailobot_description/package.dsv'
[7.087s] INFO:colcon.colcon_core.shell:Creating package script '/home/thy/aifarm_ws/install/trailobot_description/share/trailobot_description/package.sh'
[7.089s] INFO:colcon.colcon_core.shell:Creating package script '/home/thy/aifarm_ws/install/trailobot_description/share/trailobot_description/package.bash'
[7.099s] INFO:colcon.colcon_core.shell:Creating package script '/home/thy/aifarm_ws/install/trailobot_description/share/trailobot_description/package.zsh'
[7.115s] Level 1:colcon.colcon_core.environment:create_file_with_runtime_dependencies(/home/thy/aifarm_ws/install/trailobot_description/share/colcon-core/packages/trailobot_description)
[7.115s] DEBUG:colcon.colcon_parallel_executor.executor.parallel:closing loop
[7.116s] DEBUG:colcon.colcon_parallel_executor.executor.parallel:loop closed
[7.116s] DEBUG:colcon.colcon_parallel_executor.executor.parallel:run_until_complete finished with '0'
[7.116s] DEBUG:colcon.colcon_core.event_reactor:joining thread
[7.159s] INFO:colcon.colcon_core.plugin_system:Skipping extension 'colcon_notification.desktop_notification.terminal_notifier': Not used on non-Darwin systems
[7.159s] INFO:colcon.colcon_core.plugin_system:Skipping extension 'colcon_notification.desktop_notification.win32': Not used on non-Windows systems
[7.159s] INFO:colcon.colcon_notification.desktop_notification:Sending desktop notification using 'notify2'
[7.191s] DEBUG:colcon.colcon_core.event_reactor:joined thread
[7.197s] INFO:colcon.colcon_core.shell:Creating prefix script '/home/thy/aifarm_ws/install/local_setup.ps1'
[7.201s] INFO:colcon.colcon_core.shell:Creating prefix util module '/home/thy/aifarm_ws/install/_local_setup_util_ps1.py'
[7.206s] INFO:colcon.colcon_core.shell:Creating prefix chain script '/home/thy/aifarm_ws/install/setup.ps1'
[7.211s] INFO:colcon.colcon_core.shell:Creating prefix script '/home/thy/aifarm_ws/install/local_setup.sh'
[7.212s] INFO:colcon.colcon_core.shell:Creating prefix util module '/home/thy/aifarm_ws/install/_local_setup_util_sh.py'
[7.213s] INFO:colcon.colcon_core.shell:Creating prefix chain script '/home/thy/aifarm_ws/install/setup.sh'
[7.216s] INFO:colcon.colcon_core.shell:Creating prefix script '/home/thy/aifarm_ws/install/local_setup.bash'
[7.218s] INFO:colcon.colcon_core.shell:Creating prefix chain script '/home/thy/aifarm_ws/install/setup.bash'
[7.221s] INFO:colcon.colcon_core.shell:Creating prefix script '/home/thy/aifarm_ws/install/local_setup.zsh'
[7.222s] INFO:colcon.colcon_core.shell:Creating prefix chain script '/home/thy/aifarm_ws/install/setup.zsh'
