running develop
Removing /home/thy/aifarm_ws/install/trailobot_description/lib/python3.8/site-packages/trailobot-description.egg-link (link to .)
running egg_info
writing ../../build/trailobot_description/trailobot_description.egg-info/PKG-INFO
writing dependency_links to ../../build/trailobot_description/trailobot_description.egg-info/dependency_links.txt
writing entry points to ../../build/trailobot_description/trailobot_description.egg-info/entry_points.txt
writing requirements to ../../build/trailobot_description/trailobot_description.egg-info/requires.txt
writing top-level names to ../../build/trailobot_description/trailobot_description.egg-info/top_level.txt
reading manifest file '../../build/trailobot_description/trailobot_description.egg-info/SOURCES.txt'
writing manifest file '../../build/trailobot_description/trailobot_description.egg-info/SOURCES.txt'
running build
running build_py
creating /home/thy/aifarm_ws/build/trailobot_description/build
creating /home/thy/aifarm_ws/build/trailobot_description/build/lib
creating /home/thy/aifarm_ws/build/trailobot_description/build/lib/trailobot_description
copying trailobot_description/__init__.py -> /home/thy/aifarm_ws/build/trailobot_description/build/lib/trailobot_description
running install
running install_lib
creating /home/thy/aifarm_ws/install/trailobot_description/lib/python3.8/site-packages/trailobot_description
copying /home/thy/aifarm_ws/build/trailobot_description/build/lib/trailobot_description/__init__.py -> /home/thy/aifarm_ws/install/trailobot_description/lib/python3.8/site-packages/trailobot_description
byte-compiling /home/thy/aifarm_ws/install/trailobot_description/lib/python3.8/site-packages/trailobot_description/__init__.py to __init__.cpython-38.pyc
running install_data
running install_egg_info
Copying ../../build/trailobot_description/trailobot_description.egg-info to /home/thy/aifarm_ws/install/trailobot_description/lib/python3.8/site-packages/trailobot_description-0.0.0-py3.8.egg-info
running install_scripts
writing list of installed files to '/home/thy/aifarm_ws/build/trailobot_description/install.log'
